running egg_info
creating ../../build/jetbot/jetbot.egg-info
writing ../../build/jetbot/jetbot.egg-info/PKG-INFO
writing dependency_links to ../../build/jetbot/jetbot.egg-info/dependency_links.txt
writing entry points to ../../build/jetbot/jetbot.egg-info/entry_points.txt
writing requirements to ../../build/jetbot/jetbot.egg-info/requires.txt
writing top-level names to ../../build/jetbot/jetbot.egg-info/top_level.txt
writing manifest file '../../build/jetbot/jetbot.egg-info/SOURCES.txt'
reading manifest file '../../build/jetbot/jetbot.egg-info/SOURCES.txt'
writing manifest file '../../build/jetbot/jetbot.egg-info/SOURCES.txt'
running build
running build_py
creating /home/admon/jetbot/build/jetbot/build
creating /home/admon/jetbot/build/jetbot/build/lib
creating /home/admon/jetbot/build/jetbot/build/lib/jetbot
copying jetbot/__init__.py -> /home/admon/jetbot/build/jetbot/build/lib/jetbot
running install
running install_lib
creating /home/admon/jetbot/install/jetbot/lib/python3.10/site-packages/jetbot
copying /home/admon/jetbot/build/jetbot/build/lib/jetbot/__init__.py -> /home/admon/jetbot/install/jetbot/lib/python3.10/site-packages/jetbot
byte-compiling /home/admon/jetbot/install/jetbot/lib/python3.10/site-packages/jetbot/__init__.py to __init__.cpython-310.pyc
running install_data
creating /home/admon/jetbot/install/jetbot/share/jetbot/urdf
copying urdf/jetbot.urdf -> /home/admon/jetbot/install/jetbot/share/jetbot/urdf
creating /home/admon/jetbot/install/jetbot/share/jetbot/launch
copying launch/display.launch.py -> /home/admon/jetbot/install/jetbot/share/jetbot/launch
copying launch/gazebo.launch.py -> /home/admon/jetbot/install/jetbot/share/jetbot/launch
creating /home/admon/jetbot/install/jetbot/share/jetbot/meshes
copying meshes/rueda_derecha_link.STL -> /home/admon/jetbot/install/jetbot/share/jetbot/meshes
copying meshes/cabeza_link.STL -> /home/admon/jetbot/install/jetbot/share/jetbot/meshes
copying meshes/subir_link.STL -> /home/admon/jetbot/install/jetbot/share/jetbot/meshes
copying meshes/base_link.STL -> /home/admon/jetbot/install/jetbot/share/jetbot/meshes
copying meshes/cuello_link.STL -> /home/admon/jetbot/install/jetbot/share/jetbot/meshes
copying meshes/rueda_izquierda_link.STL -> /home/admon/jetbot/install/jetbot/share/jetbot/meshes
running install_egg_info
Copying ../../build/jetbot/jetbot.egg-info to /home/admon/jetbot/install/jetbot/lib/python3.10/site-packages/jetbot-0.0.0-py3.10.egg-info
running install_scripts
writing list of installed files to '/home/admon/jetbot/build/jetbot/install.log'
