[0.764s] Invoking command in '/home/admon/jetbot/src/jetbot': PYTHONPATH=/home/admon/jetbot/build/jetbot/prefix_override:/home/admon/jetbot/install/jetbot/lib/python3.10/site-packages:${PYTHONPATH} /usr/bin/python3 setup.py egg_info --egg-base ../../build/jetbot build --build-base /home/admon/jetbot/build/jetbot/build install --record /home/admon/jetbot/build/jetbot/install.log --single-version-externally-managed
[1.050s] running egg_info
[1.051s] creating ../../build/jetbot/jetbot.egg-info
[1.051s] writing ../../build/jetbot/jetbot.egg-info/PKG-INFO
[1.051s] writing dependency_links to ../../build/jetbot/jetbot.egg-info/dependency_links.txt
[1.052s] writing entry points to ../../build/jetbot/jetbot.egg-info/entry_points.txt
[1.052s] writing requirements to ../../build/jetbot/jetbot.egg-info/requires.txt
[1.052s] writing top-level names to ../../build/jetbot/jetbot.egg-info/top_level.txt
[1.052s] writing manifest file '../../build/jetbot/jetbot.egg-info/SOURCES.txt'
[1.054s] reading manifest file '../../build/jetbot/jetbot.egg-info/SOURCES.txt'
[1.055s] writing manifest file '../../build/jetbot/jetbot.egg-info/SOURCES.txt'
[1.055s] running build
[1.055s] running build_py
[1.055s] creating /home/admon/jetbot/build/jetbot/build
[1.055s] creating /home/admon/jetbot/build/jetbot/build/lib
[1.055s] creating /home/admon/jetbot/build/jetbot/build/lib/jetbot
[1.055s] copying jetbot/__init__.py -> /home/admon/jetbot/build/jetbot/build/lib/jetbot
[1.055s] running install
[1.108s] /usr/lib/python3/dist-packages/setuptools/command/install.py:34: SetuptoolsDeprecationWarning: setup.py install is deprecated. Use build and pip and other standards-based tools.
[1.109s]   warnings.warn(
[1.109s] running install_lib
[1.110s] creating /home/admon/jetbot/install/jetbot/lib/python3.10/site-packages/jetbot
[1.110s] copying /home/admon/jetbot/build/jetbot/build/lib/jetbot/__init__.py -> /home/admon/jetbot/install/jetbot/lib/python3.10/site-packages/jetbot
[1.111s] byte-compiling /home/admon/jetbot/install/jetbot/lib/python3.10/site-packages/jetbot/__init__.py to __init__.cpython-310.pyc
[1.111s] running install_data
[1.112s] creating /home/admon/jetbot/install/jetbot/share/jetbot/urdf
[1.112s] copying urdf/jetbot.urdf -> /home/admon/jetbot/install/jetbot/share/jetbot/urdf
[1.113s] creating /home/admon/jetbot/install/jetbot/share/jetbot/launch
[1.113s] copying launch/display.launch.py -> /home/admon/jetbot/install/jetbot/share/jetbot/launch
[1.113s] copying launch/gazebo.launch.py -> /home/admon/jetbot/install/jetbot/share/jetbot/launch
[1.113s] creating /home/admon/jetbot/install/jetbot/share/jetbot/meshes
[1.113s] copying meshes/rueda_derecha_link.STL -> /home/admon/jetbot/install/jetbot/share/jetbot/meshes
[1.127s] copying meshes/cabeza_link.STL -> /home/admon/jetbot/install/jetbot/share/jetbot/meshes
[1.132s] copying meshes/subir_link.STL -> /home/admon/jetbot/install/jetbot/share/jetbot/meshes
[1.144s] copying meshes/base_link.STL -> /home/admon/jetbot/install/jetbot/share/jetbot/meshes
[1.317s] copying meshes/cuello_link.STL -> /home/admon/jetbot/install/jetbot/share/jetbot/meshes
[1.328s] copying meshes/rueda_izquierda_link.STL -> /home/admon/jetbot/install/jetbot/share/jetbot/meshes
[1.328s] running install_egg_info
[1.336s] Copying ../../build/jetbot/jetbot.egg-info to /home/admon/jetbot/install/jetbot/lib/python3.10/site-packages/jetbot-0.0.0-py3.10.egg-info
[1.339s] running install_scripts
[1.369s] writing list of installed files to '/home/admon/jetbot/build/jetbot/install.log'
[1.397s] Invoked command in '/home/admon/jetbot/src/jetbot' returned '0': PYTHONPATH=/home/admon/jetbot/build/jetbot/prefix_override:/home/admon/jetbot/install/jetbot/lib/python3.10/site-packages:${PYTHONPATH} /usr/bin/python3 setup.py egg_info --egg-base ../../build/jetbot build --build-base /home/admon/jetbot/build/jetbot/build install --record /home/admon/jetbot/build/jetbot/install.log --single-version-externally-managed
