[4.968s] DEBUG:colcon:Command line arguments: ['/usr/bin/colcon', 'build']
[4.969s] DEBUG:colcon:Parsed command line arguments: Namespace(log_base=None, log_level=None, verb_name='build', build_base='build', install_base='install', merge_install=False, symlink_install=False, test_result_base=None, continue_on_error=False, executor='parallel', parallel_workers=4, event_handlers=None, ignore_user_meta=False, metas=['./colcon.meta'], base_paths=['.'], packages_ignore=None, packages_ignore_regex=None, paths=None, packages_up_to=None, packages_up_to_regex=None, packages_above=None, packages_above_and_dependencies=None, packages_above_depth=None, packages_select_by_dep=None, packages_skip_by_dep=None, packages_skip_up_to=None, packages_select_build_failed=False, packages_skip_build_finished=False, packages_select_test_failures=False, packages_skip_test_passed=False, packages_select=None, packages_skip=None, packages_select_regex=None, packages_skip_regex=None, packages_start=None, packages_end=None, allow_overriding=[], cmake_args=None, cmake_target=None, cmake_target_skip_unavailable=False, cmake_clean_cache=False, cmake_clean_first=False, cmake_force_configure=False, ament_cmake_args=None, catkin_cmake_args=None, catkin_skip_building_tests=False, mixin_files=None, mixin=None, verb_parser=<colcon_mixin.mixin.mixin_argument.MixinArgumentDecorator object at 0x7f015baf3970>, verb_extension=<colcon_core.verb.build.BuildVerb object at 0x7f015c2e45e0>, main=<bound method BuildVerb.main of <colcon_core.verb.build.BuildVerb object at 0x7f015c2e45e0>>, mixin_verb=('build',))
[5.193s] Level 1:colcon.colcon_core.package_discovery:discover_packages(colcon_meta) check parameters
[5.193s] Level 1:colcon.colcon_core.package_discovery:discover_packages(recursive) check parameters
[5.193s] Level 1:colcon.colcon_core.package_discovery:discover_packages(ignore) check parameters
[5.193s] Level 1:colcon.colcon_core.package_discovery:discover_packages(path) check parameters
[5.193s] Level 1:colcon.colcon_core.package_discovery:discover_packages(colcon_meta) discover
[5.193s] Level 1:colcon.colcon_core.package_discovery:discover_packages(recursive) discover
[5.193s] INFO:colcon.colcon_core.package_discovery:Crawling recursively for packages in '/home/admon/jetbot'
[5.193s] Level 1:colcon.colcon_core.package_identification:_identify(.) by extensions ['ignore', 'ignore_ament_install']
[5.193s] Level 1:colcon.colcon_core.package_identification:_identify(.) by extension 'ignore'
[5.193s] Level 1:colcon.colcon_core.package_identification:_identify(.) by extension 'ignore_ament_install'
[5.193s] Level 1:colcon.colcon_core.package_identification:_identify(.) by extensions ['colcon_pkg']
[5.193s] Level 1:colcon.colcon_core.package_identification:_identify(.) by extension 'colcon_pkg'
[5.193s] Level 1:colcon.colcon_core.package_identification:_identify(.) by extensions ['colcon_meta']
[5.194s] Level 1:colcon.colcon_core.package_identification:_identify(.) by extension 'colcon_meta'
[5.194s] Level 1:colcon.colcon_core.package_identification:_identify(.) by extensions ['ros']
[5.194s] Level 1:colcon.colcon_core.package_identification:_identify(.) by extension 'ros'
[5.268s] Level 1:colcon.colcon_core.package_identification:_identify(.) by extensions ['cmake', 'python']
[5.268s] Level 1:colcon.colcon_core.package_identification:_identify(.) by extension 'cmake'
[5.268s] Level 1:colcon.colcon_core.package_identification:_identify(.) by extension 'python'
[5.269s] Level 1:colcon.colcon_core.package_identification:_identify(.) by extensions ['python_setup_py']
[5.269s] Level 1:colcon.colcon_core.package_identification:_identify(.) by extension 'python_setup_py'
[5.269s] Level 1:colcon.colcon_core.package_identification:_identify(build) by extensions ['ignore', 'ignore_ament_install']
[5.269s] Level 1:colcon.colcon_core.package_identification:_identify(build) by extension 'ignore'
[5.270s] Level 1:colcon.colcon_core.package_identification:_identify(build) ignored
[5.270s] Level 1:colcon.colcon_core.package_identification:_identify(install) by extensions ['ignore', 'ignore_ament_install']
[5.270s] Level 1:colcon.colcon_core.package_identification:_identify(install) by extension 'ignore'
[5.270s] Level 1:colcon.colcon_core.package_identification:_identify(install) ignored
[5.271s] Level 1:colcon.colcon_core.package_identification:_identify(log) by extensions ['ignore', 'ignore_ament_install']
[5.271s] Level 1:colcon.colcon_core.package_identification:_identify(log) by extension 'ignore'
[5.271s] Level 1:colcon.colcon_core.package_identification:_identify(log) ignored
[5.271s] Level 1:colcon.colcon_core.package_identification:_identify(src) by extensions ['ignore', 'ignore_ament_install']
[5.272s] Level 1:colcon.colcon_core.package_identification:_identify(src) by extension 'ignore'
[5.272s] Level 1:colcon.colcon_core.package_identification:_identify(src) by extension 'ignore_ament_install'
[5.272s] Level 1:colcon.colcon_core.package_identification:_identify(src) by extensions ['colcon_pkg']
[5.272s] Level 1:colcon.colcon_core.package_identification:_identify(src) by extension 'colcon_pkg'
[5.272s] Level 1:colcon.colcon_core.package_identification:_identify(src) by extensions ['colcon_meta']
[5.272s] Level 1:colcon.colcon_core.package_identification:_identify(src) by extension 'colcon_meta'
[5.273s] Level 1:colcon.colcon_core.package_identification:_identify(src) by extensions ['ros']
[5.273s] Level 1:colcon.colcon_core.package_identification:_identify(src) by extension 'ros'
[5.273s] Level 1:colcon.colcon_core.package_identification:_identify(src) by extensions ['cmake', 'python']
[5.273s] Level 1:colcon.colcon_core.package_identification:_identify(src) by extension 'cmake'
[5.273s] Level 1:colcon.colcon_core.package_identification:_identify(src) by extension 'python'
[5.273s] Level 1:colcon.colcon_core.package_identification:_identify(src) by extensions ['python_setup_py']
[5.273s] Level 1:colcon.colcon_core.package_identification:_identify(src) by extension 'python_setup_py'
[5.274s] Level 1:colcon.colcon_core.package_identification:_identify(src/jetbot) by extensions ['ignore', 'ignore_ament_install']
[5.274s] Level 1:colcon.colcon_core.package_identification:_identify(src/jetbot) by extension 'ignore'
[5.274s] Level 1:colcon.colcon_core.package_identification:_identify(src/jetbot) by extension 'ignore_ament_install'
[5.274s] Level 1:colcon.colcon_core.package_identification:_identify(src/jetbot) by extensions ['colcon_pkg']
[5.274s] Level 1:colcon.colcon_core.package_identification:_identify(src/jetbot) by extension 'colcon_pkg'
[5.275s] Level 1:colcon.colcon_core.package_identification:_identify(src/jetbot) by extensions ['colcon_meta']
[5.275s] Level 1:colcon.colcon_core.package_identification:_identify(src/jetbot) by extension 'colcon_meta'
[5.275s] Level 1:colcon.colcon_core.package_identification:_identify(src/jetbot) by extensions ['ros']
[5.275s] Level 1:colcon.colcon_core.package_identification:_identify(src/jetbot) by extension 'ros'
[5.307s] DEBUG:colcon.colcon_core.package_identification:Package 'src/jetbot' with type 'ros.ament_python' and name 'jetbot'
[5.307s] Level 1:colcon.colcon_core.package_discovery:discover_packages(recursive) using defaults
[5.307s] Level 1:colcon.colcon_core.package_discovery:discover_packages(ignore) discover
[5.307s] Level 1:colcon.colcon_core.package_discovery:discover_packages(ignore) using defaults
[5.307s] Level 1:colcon.colcon_core.package_discovery:discover_packages(path) discover
[5.307s] Level 1:colcon.colcon_core.package_discovery:discover_packages(path) using defaults
[5.418s] Level 1:colcon.colcon_core.package_discovery:discover_packages(prefix_path) check parameters
[5.418s] Level 1:colcon.colcon_core.package_discovery:discover_packages(prefix_path) discover
[5.425s] DEBUG:colcon.colcon_installed_package_information.package_discovery:Found 418 installed packages in /opt/ros/humble
[5.428s] Level 1:colcon.colcon_core.package_discovery:discover_packages(prefix_path) using defaults
[5.529s] Level 5:colcon.colcon_core.verb:set package 'jetbot' build argument 'cmake_args' from command line to 'None'
[5.529s] Level 5:colcon.colcon_core.verb:set package 'jetbot' build argument 'cmake_target' from command line to 'None'
[5.529s] Level 5:colcon.colcon_core.verb:set package 'jetbot' build argument 'cmake_target_skip_unavailable' from command line to 'False'
[5.529s] Level 5:colcon.colcon_core.verb:set package 'jetbot' build argument 'cmake_clean_cache' from command line to 'False'
[5.529s] Level 5:colcon.colcon_core.verb:set package 'jetbot' build argument 'cmake_clean_first' from command line to 'False'
[5.529s] Level 5:colcon.colcon_core.verb:set package 'jetbot' build argument 'cmake_force_configure' from command line to 'False'
[5.529s] Level 5:colcon.colcon_core.verb:set package 'jetbot' build argument 'ament_cmake_args' from command line to 'None'
[5.529s] Level 5:colcon.colcon_core.verb:set package 'jetbot' build argument 'catkin_cmake_args' from command line to 'None'
[5.529s] Level 5:colcon.colcon_core.verb:set package 'jetbot' build argument 'catkin_skip_building_tests' from command line to 'False'
[5.529s] DEBUG:colcon.colcon_core.verb:Building package 'jetbot' with the following arguments: {'ament_cmake_args': None, 'build_base': '/home/admon/jetbot/build/jetbot', 'catkin_cmake_args': None, 'catkin_skip_building_tests': False, 'cmake_args': None, 'cmake_clean_cache': False, 'cmake_clean_first': False, 'cmake_force_configure': False, 'cmake_target': None, 'cmake_target_skip_unavailable': False, 'install_base': '/home/admon/jetbot/install/jetbot', 'merge_install': False, 'path': '/home/admon/jetbot/src/jetbot', 'symlink_install': False, 'test_result_base': None}
[5.530s] INFO:colcon.colcon_core.executor:Executing jobs using 'parallel' executor
[5.533s] DEBUG:colcon.colcon_parallel_executor.executor.parallel:run_until_complete
[5.534s] INFO:colcon.colcon_ros.task.ament_python.build:Building ROS package in '/home/admon/jetbot/src/jetbot' with build type 'ament_python'
[5.534s] Level 1:colcon.colcon_core.shell:create_environment_hook('jetbot', 'ament_prefix_path')
[5.567s] INFO:colcon.colcon_core.plugin_system:Skipping extension 'colcon_core.shell.bat': Not used on non-Windows systems
[5.567s] INFO:colcon.colcon_core.shell:Creating environment hook '/home/admon/jetbot/install/jetbot/share/jetbot/hook/ament_prefix_path.ps1'
[5.576s] INFO:colcon.colcon_core.shell:Creating environment descriptor '/home/admon/jetbot/install/jetbot/share/jetbot/hook/ament_prefix_path.dsv'
[5.586s] INFO:colcon.colcon_core.shell:Creating environment hook '/home/admon/jetbot/install/jetbot/share/jetbot/hook/ament_prefix_path.sh'
[5.589s] INFO:colcon.colcon_core.shell:Skip shell extension 'powershell' for command environment: Not usable outside of PowerShell
[5.589s] DEBUG:colcon.colcon_core.shell:Skip shell extension 'dsv' for command environment
[5.953s] INFO:colcon.colcon_core.task.python.build:Building Python package in '/home/admon/jetbot/src/jetbot'
[5.955s] INFO:colcon.colcon_core.shell:Skip shell extension 'powershell' for command environment: Not usable outside of PowerShell
[5.955s] DEBUG:colcon.colcon_core.shell:Skip shell extension 'dsv' for command environment
[6.864s] DEBUG:colcon.colcon_core.event_handler.log_command:Invoking command in '/home/admon/jetbot/src/jetbot': PYTHONPATH=/home/admon/jetbot/build/jetbot/prefix_override:/home/admon/jetbot/install/jetbot/lib/python3.10/site-packages:${PYTHONPATH} /usr/bin/python3 setup.py egg_info --egg-base ../../build/jetbot build --build-base /home/admon/jetbot/build/jetbot/build install --record /home/admon/jetbot/build/jetbot/install.log --single-version-externally-managed
[7.282s] DEBUG:colcon.colcon_core.event_handler.log_command:Invoked command in '/home/admon/jetbot/src/jetbot' returned '0': PYTHONPATH=/home/admon/jetbot/build/jetbot/prefix_override:/home/admon/jetbot/install/jetbot/lib/python3.10/site-packages:${PYTHONPATH} /usr/bin/python3 setup.py egg_info --egg-base ../../build/jetbot build --build-base /home/admon/jetbot/build/jetbot/build install --record /home/admon/jetbot/build/jetbot/install.log --single-version-externally-managed
[7.346s] Level 1:colcon.colcon_core.environment:checking '/home/admon/jetbot/install/jetbot' for CMake module files
[7.346s] Level 1:colcon.colcon_core.environment:checking '/home/admon/jetbot/install/jetbot' for CMake config files
[7.347s] Level 1:colcon.colcon_core.environment:checking '/home/admon/jetbot/install/jetbot/lib'
[7.347s] Level 1:colcon.colcon_core.environment:checking '/home/admon/jetbot/install/jetbot/bin'
[7.347s] Level 1:colcon.colcon_core.environment:checking '/home/admon/jetbot/install/jetbot/lib/pkgconfig/jetbot.pc'
[7.348s] Level 1:colcon.colcon_core.environment:checking '/home/admon/jetbot/install/jetbot/lib/python3.10/site-packages'
[7.348s] Level 1:colcon.colcon_core.shell:create_environment_hook('jetbot', 'pythonpath')
[7.349s] INFO:colcon.colcon_core.shell:Creating environment hook '/home/admon/jetbot/install/jetbot/share/jetbot/hook/pythonpath.ps1'
[7.350s] INFO:colcon.colcon_core.shell:Creating environment descriptor '/home/admon/jetbot/install/jetbot/share/jetbot/hook/pythonpath.dsv'
[7.350s] INFO:colcon.colcon_core.shell:Creating environment hook '/home/admon/jetbot/install/jetbot/share/jetbot/hook/pythonpath.sh'
[7.351s] Level 1:colcon.colcon_core.environment:checking '/home/admon/jetbot/install/jetbot/bin'
[7.351s] Level 1:colcon.colcon_core.environment:create_environment_scripts_only(jetbot)
[7.353s] INFO:colcon.colcon_core.shell:Creating package script '/home/admon/jetbot/install/jetbot/share/jetbot/package.ps1'
[7.366s] INFO:colcon.colcon_core.shell:Creating package descriptor '/home/admon/jetbot/install/jetbot/share/jetbot/package.dsv'
[7.376s] INFO:colcon.colcon_core.shell:Creating package script '/home/admon/jetbot/install/jetbot/share/jetbot/package.sh'
[7.377s] INFO:colcon.colcon_core.shell:Creating package script '/home/admon/jetbot/install/jetbot/share/jetbot/package.bash'
[7.385s] INFO:colcon.colcon_core.shell:Creating package script '/home/admon/jetbot/install/jetbot/share/jetbot/package.zsh'
[7.400s] Level 1:colcon.colcon_core.environment:create_file_with_runtime_dependencies(/home/admon/jetbot/install/jetbot/share/colcon-core/packages/jetbot)
[7.400s] DEBUG:colcon.colcon_parallel_executor.executor.parallel:closing loop
[7.401s] DEBUG:colcon.colcon_parallel_executor.executor.parallel:loop closed
[7.401s] DEBUG:colcon.colcon_parallel_executor.executor.parallel:run_until_complete finished with '0'
[7.401s] DEBUG:colcon.colcon_core.event_reactor:joining thread
[7.459s] INFO:colcon.colcon_core.plugin_system:Skipping extension 'colcon_notification.desktop_notification.terminal_notifier': Not used on non-Darwin systems
[7.460s] INFO:colcon.colcon_core.plugin_system:Skipping extension 'colcon_notification.desktop_notification.win32': Not used on non-Windows systems
[7.460s] INFO:colcon.colcon_notification.desktop_notification:Sending desktop notification using 'notify2'
[7.478s] DEBUG:colcon.colcon_core.event_reactor:joined thread
[7.481s] INFO:colcon.colcon_core.shell:Creating prefix script '/home/admon/jetbot/install/local_setup.ps1'
[7.494s] INFO:colcon.colcon_core.shell:Creating prefix util module '/home/admon/jetbot/install/_local_setup_util_ps1.py'
[7.508s] INFO:colcon.colcon_core.shell:Creating prefix chain script '/home/admon/jetbot/install/setup.ps1'
[7.522s] INFO:colcon.colcon_core.shell:Creating prefix script '/home/admon/jetbot/install/local_setup.sh'
[7.554s] INFO:colcon.colcon_core.shell:Creating prefix util module '/home/admon/jetbot/install/_local_setup_util_sh.py'
[7.554s] INFO:colcon.colcon_core.shell:Creating prefix chain script '/home/admon/jetbot/install/setup.sh'
[7.556s] INFO:colcon.colcon_core.shell:Creating prefix script '/home/admon/jetbot/install/local_setup.bash'
[7.563s] INFO:colcon.colcon_core.shell:Creating prefix chain script '/home/admon/jetbot/install/setup.bash'
[7.565s] INFO:colcon.colcon_core.shell:Creating prefix script '/home/admon/jetbot/install/local_setup.zsh'
[7.577s] INFO:colcon.colcon_core.shell:Creating prefix chain script '/home/admon/jetbot/install/setup.zsh'
