[10.123s] DEBUG:colcon:Command line arguments: ['/usr/bin/colcon', 'build']
[10.123s] DEBUG:colcon:Parsed command line arguments: Namespace(log_base=None, log_level=None, verb_name='build', build_base='build', install_base='install', merge_install=False, symlink_install=False, test_result_base=None, continue_on_error=False, executor='parallel', parallel_workers=4, event_handlers=None, ignore_user_meta=False, metas=['./colcon.meta'], base_paths=['.'], packages_ignore=None, packages_ignore_regex=None, paths=None, packages_up_to=None, packages_up_to_regex=None, packages_above=None, packages_above_and_dependencies=None, packages_above_depth=None, packages_select_by_dep=None, packages_skip_by_dep=None, packages_skip_up_to=None, packages_select_build_failed=False, packages_skip_build_finished=False, packages_select_test_failures=False, packages_skip_test_passed=False, packages_select=None, packages_skip=None, packages_select_regex=None, packages_skip_regex=None, packages_start=None, packages_end=None, allow_overriding=[], cmake_args=None, cmake_target=None, cmake_target_skip_unavailable=False, cmake_clean_cache=False, cmake_clean_first=False, cmake_force_configure=False, ament_cmake_args=None, catkin_cmake_args=None, catkin_skip_building_tests=False, mixin_files=None, mixin=None, verb_parser=<colcon_mixin.mixin.mixin_argument.MixinArgumentDecorator object at 0x7f41b9dc7b20>, verb_extension=<colcon_core.verb.build.BuildVerb object at 0x7f41ba79c700>, main=<bound method BuildVerb.main of <colcon_core.verb.build.BuildVerb object at 0x7f41ba79c700>>, mixin_verb=('build',))
[10.673s] Level 1:colcon.colcon_core.package_discovery:discover_packages(colcon_meta) check parameters
[10.673s] Level 1:colcon.colcon_core.package_discovery:discover_packages(recursive) check parameters
[10.673s] Level 1:colcon.colcon_core.package_discovery:discover_packages(ignore) check parameters
[10.673s] Level 1:colcon.colcon_core.package_discovery:discover_packages(path) check parameters
[10.674s] Level 1:colcon.colcon_core.package_discovery:discover_packages(colcon_meta) discover
[10.674s] Level 1:colcon.colcon_core.package_discovery:discover_packages(recursive) discover
[10.674s] INFO:colcon.colcon_core.package_discovery:Crawling recursively for packages in '/home/admon/Jetbot'
[10.674s] Level 1:colcon.colcon_core.package_identification:_identify(.) by extensions ['ignore', 'ignore_ament_install']
[10.675s] Level 1:colcon.colcon_core.package_identification:_identify(.) by extension 'ignore'
[10.675s] Level 1:colcon.colcon_core.package_identification:_identify(.) by extension 'ignore_ament_install'
[10.675s] Level 1:colcon.colcon_core.package_identification:_identify(.) by extensions ['colcon_pkg']
[10.675s] Level 1:colcon.colcon_core.package_identification:_identify(.) by extension 'colcon_pkg'
[10.676s] Level 1:colcon.colcon_core.package_identification:_identify(.) by extensions ['colcon_meta']
[10.676s] Level 1:colcon.colcon_core.package_identification:_identify(.) by extension 'colcon_meta'
[10.676s] Level 1:colcon.colcon_core.package_identification:_identify(.) by extensions ['ros']
[10.676s] Level 1:colcon.colcon_core.package_identification:_identify(.) by extension 'ros'
[10.727s] Level 1:colcon.colcon_core.package_identification:_identify(.) by extensions ['cmake', 'python']
[10.728s] Level 1:colcon.colcon_core.package_identification:_identify(.) by extension 'cmake'
[10.728s] Level 1:colcon.colcon_core.package_identification:_identify(.) by extension 'python'
[10.728s] Level 1:colcon.colcon_core.package_identification:_identify(.) by extensions ['python_setup_py']
[10.728s] Level 1:colcon.colcon_core.package_identification:_identify(.) by extension 'python_setup_py'
[10.728s] Level 1:colcon.colcon_core.package_identification:_identify(build) by extensions ['ignore', 'ignore_ament_install']
[10.728s] Level 1:colcon.colcon_core.package_identification:_identify(build) by extension 'ignore'
[10.728s] Level 1:colcon.colcon_core.package_identification:_identify(build) ignored
[10.728s] Level 1:colcon.colcon_core.package_identification:_identify(install) by extensions ['ignore', 'ignore_ament_install']
[10.728s] Level 1:colcon.colcon_core.package_identification:_identify(install) by extension 'ignore'
[10.728s] Level 1:colcon.colcon_core.package_identification:_identify(install) ignored
[10.728s] Level 1:colcon.colcon_core.package_identification:_identify(log) by extensions ['ignore', 'ignore_ament_install']
[10.728s] Level 1:colcon.colcon_core.package_identification:_identify(log) by extension 'ignore'
[10.729s] Level 1:colcon.colcon_core.package_identification:_identify(log) ignored
[10.729s] Level 1:colcon.colcon_core.package_identification:_identify(src) by extensions ['ignore', 'ignore_ament_install']
[10.729s] Level 1:colcon.colcon_core.package_identification:_identify(src) by extension 'ignore'
[10.729s] Level 1:colcon.colcon_core.package_identification:_identify(src) by extension 'ignore_ament_install'
[10.729s] Level 1:colcon.colcon_core.package_identification:_identify(src) by extensions ['colcon_pkg']
[10.729s] Level 1:colcon.colcon_core.package_identification:_identify(src) by extension 'colcon_pkg'
[10.729s] Level 1:colcon.colcon_core.package_identification:_identify(src) by extensions ['colcon_meta']
[10.729s] Level 1:colcon.colcon_core.package_identification:_identify(src) by extension 'colcon_meta'
[10.729s] Level 1:colcon.colcon_core.package_identification:_identify(src) by extensions ['ros']
[10.729s] Level 1:colcon.colcon_core.package_identification:_identify(src) by extension 'ros'
[10.729s] Level 1:colcon.colcon_core.package_identification:_identify(src) by extensions ['cmake', 'python']
[10.729s] Level 1:colcon.colcon_core.package_identification:_identify(src) by extension 'cmake'
[10.729s] Level 1:colcon.colcon_core.package_identification:_identify(src) by extension 'python'
[10.729s] Level 1:colcon.colcon_core.package_identification:_identify(src) by extensions ['python_setup_py']
[10.729s] Level 1:colcon.colcon_core.package_identification:_identify(src) by extension 'python_setup_py'
[10.730s] Level 1:colcon.colcon_core.package_identification:_identify(src/Jetbot) by extensions ['ignore', 'ignore_ament_install']
[10.730s] Level 1:colcon.colcon_core.package_identification:_identify(src/Jetbot) by extension 'ignore'
[10.730s] Level 1:colcon.colcon_core.package_identification:_identify(src/Jetbot) by extension 'ignore_ament_install'
[10.730s] Level 1:colcon.colcon_core.package_identification:_identify(src/Jetbot) by extensions ['colcon_pkg']
[10.730s] Level 1:colcon.colcon_core.package_identification:_identify(src/Jetbot) by extension 'colcon_pkg'
[10.730s] Level 1:colcon.colcon_core.package_identification:_identify(src/Jetbot) by extensions ['colcon_meta']
[10.730s] Level 1:colcon.colcon_core.package_identification:_identify(src/Jetbot) by extension 'colcon_meta'
[10.730s] Level 1:colcon.colcon_core.package_identification:_identify(src/Jetbot) by extensions ['ros']
[10.730s] Level 1:colcon.colcon_core.package_identification:_identify(src/Jetbot) by extension 'ros'
[10.758s] DEBUG:colcon.colcon_core.package_identification:Package 'src/Jetbot' with type 'ros.ament_python' and name 'Jetbot'
[10.758s] Level 1:colcon.colcon_core.package_discovery:discover_packages(recursive) using defaults
[10.758s] Level 1:colcon.colcon_core.package_discovery:discover_packages(ignore) discover
[10.758s] Level 1:colcon.colcon_core.package_discovery:discover_packages(ignore) using defaults
[10.758s] Level 1:colcon.colcon_core.package_discovery:discover_packages(path) discover
[10.758s] Level 1:colcon.colcon_core.package_discovery:discover_packages(path) using defaults
[11.199s] Level 1:colcon.colcon_core.package_discovery:discover_packages(prefix_path) check parameters
[11.199s] Level 1:colcon.colcon_core.package_discovery:discover_packages(prefix_path) discover
[11.217s] DEBUG:colcon.colcon_installed_package_information.package_discovery:Found 418 installed packages in /opt/ros/humble
[11.226s] Level 1:colcon.colcon_core.package_discovery:discover_packages(prefix_path) using defaults
[11.380s] Level 5:colcon.colcon_core.verb:set package 'Jetbot' build argument 'cmake_args' from command line to 'None'
[11.380s] Level 5:colcon.colcon_core.verb:set package 'Jetbot' build argument 'cmake_target' from command line to 'None'
[11.380s] Level 5:colcon.colcon_core.verb:set package 'Jetbot' build argument 'cmake_target_skip_unavailable' from command line to 'False'
[11.380s] Level 5:colcon.colcon_core.verb:set package 'Jetbot' build argument 'cmake_clean_cache' from command line to 'False'
[11.380s] Level 5:colcon.colcon_core.verb:set package 'Jetbot' build argument 'cmake_clean_first' from command line to 'False'
[11.380s] Level 5:colcon.colcon_core.verb:set package 'Jetbot' build argument 'cmake_force_configure' from command line to 'False'
[11.380s] Level 5:colcon.colcon_core.verb:set package 'Jetbot' build argument 'ament_cmake_args' from command line to 'None'
[11.380s] Level 5:colcon.colcon_core.verb:set package 'Jetbot' build argument 'catkin_cmake_args' from command line to 'None'
[11.380s] Level 5:colcon.colcon_core.verb:set package 'Jetbot' build argument 'catkin_skip_building_tests' from command line to 'False'
[11.380s] DEBUG:colcon.colcon_core.verb:Building package 'Jetbot' with the following arguments: {'ament_cmake_args': None, 'build_base': '/home/admon/Jetbot/build/Jetbot', 'catkin_cmake_args': None, 'catkin_skip_building_tests': False, 'cmake_args': None, 'cmake_clean_cache': False, 'cmake_clean_first': False, 'cmake_force_configure': False, 'cmake_target': None, 'cmake_target_skip_unavailable': False, 'install_base': '/home/admon/Jetbot/install/Jetbot', 'merge_install': False, 'path': '/home/admon/Jetbot/src/Jetbot', 'symlink_install': False, 'test_result_base': None}
[11.381s] INFO:colcon.colcon_core.executor:Executing jobs using 'parallel' executor
[11.385s] DEBUG:colcon.colcon_parallel_executor.executor.parallel:run_until_complete
[11.385s] INFO:colcon.colcon_ros.task.ament_python.build:Building ROS package in '/home/admon/Jetbot/src/Jetbot' with build type 'ament_python'
[11.385s] Level 1:colcon.colcon_core.shell:create_environment_hook('Jetbot', 'ament_prefix_path')
[11.456s] INFO:colcon.colcon_core.plugin_system:Skipping extension 'colcon_core.shell.bat': Not used on non-Windows systems
[11.456s] INFO:colcon.colcon_core.shell:Creating environment hook '/home/admon/Jetbot/install/Jetbot/share/Jetbot/hook/ament_prefix_path.ps1'
[11.489s] INFO:colcon.colcon_core.shell:Creating environment descriptor '/home/admon/Jetbot/install/Jetbot/share/Jetbot/hook/ament_prefix_path.dsv'
[11.507s] INFO:colcon.colcon_core.shell:Creating environment hook '/home/admon/Jetbot/install/Jetbot/share/Jetbot/hook/ament_prefix_path.sh'
[11.514s] INFO:colcon.colcon_core.shell:Skip shell extension 'powershell' for command environment: Not usable outside of PowerShell
[11.515s] DEBUG:colcon.colcon_core.shell:Skip shell extension 'dsv' for command environment
[11.885s] INFO:colcon.colcon_core.task.python.build:Building Python package in '/home/admon/Jetbot/src/Jetbot'
[11.887s] INFO:colcon.colcon_core.shell:Skip shell extension 'powershell' for command environment: Not usable outside of PowerShell
[11.887s] DEBUG:colcon.colcon_core.shell:Skip shell extension 'dsv' for command environment
[13.012s] DEBUG:colcon.colcon_core.event_handler.log_command:Invoking command in '/home/admon/Jetbot/src/Jetbot': PYTHONPATH=/home/admon/Jetbot/build/Jetbot/prefix_override:/home/admon/Jetbot/install/Jetbot/lib/python3.10/site-packages:${PYTHONPATH} /usr/bin/python3 setup.py egg_info --egg-base ../../build/Jetbot build --build-base /home/admon/Jetbot/build/Jetbot/build install --record /home/admon/Jetbot/build/Jetbot/install.log --single-version-externally-managed
[13.456s] DEBUG:colcon.colcon_core.event_handler.log_command:Invoked command in '/home/admon/Jetbot/src/Jetbot' returned '0': PYTHONPATH=/home/admon/Jetbot/build/Jetbot/prefix_override:/home/admon/Jetbot/install/Jetbot/lib/python3.10/site-packages:${PYTHONPATH} /usr/bin/python3 setup.py egg_info --egg-base ../../build/Jetbot build --build-base /home/admon/Jetbot/build/Jetbot/build install --record /home/admon/Jetbot/build/Jetbot/install.log --single-version-externally-managed
[13.510s] Level 1:colcon.colcon_core.environment:checking '/home/admon/Jetbot/install/Jetbot' for CMake module files
[13.511s] Level 1:colcon.colcon_core.environment:checking '/home/admon/Jetbot/install/Jetbot' for CMake config files
[13.535s] Level 1:colcon.colcon_core.environment:checking '/home/admon/Jetbot/install/Jetbot/lib'
[13.535s] Level 1:colcon.colcon_core.environment:checking '/home/admon/Jetbot/install/Jetbot/bin'
[13.535s] Level 1:colcon.colcon_core.environment:checking '/home/admon/Jetbot/install/Jetbot/lib/pkgconfig/Jetbot.pc'
[13.536s] Level 1:colcon.colcon_core.environment:checking '/home/admon/Jetbot/install/Jetbot/lib/python3.10/site-packages'
[13.536s] Level 1:colcon.colcon_core.shell:create_environment_hook('Jetbot', 'pythonpath')
[13.537s] INFO:colcon.colcon_core.shell:Creating environment hook '/home/admon/Jetbot/install/Jetbot/share/Jetbot/hook/pythonpath.ps1'
[13.538s] INFO:colcon.colcon_core.shell:Creating environment descriptor '/home/admon/Jetbot/install/Jetbot/share/Jetbot/hook/pythonpath.dsv'
[13.538s] INFO:colcon.colcon_core.shell:Creating environment hook '/home/admon/Jetbot/install/Jetbot/share/Jetbot/hook/pythonpath.sh'
[13.539s] Level 1:colcon.colcon_core.environment:checking '/home/admon/Jetbot/install/Jetbot/bin'
[13.539s] Level 1:colcon.colcon_core.environment:create_environment_scripts_only(Jetbot)
[13.540s] INFO:colcon.colcon_core.shell:Creating package script '/home/admon/Jetbot/install/Jetbot/share/Jetbot/package.ps1'
[13.553s] INFO:colcon.colcon_core.shell:Creating package descriptor '/home/admon/Jetbot/install/Jetbot/share/Jetbot/package.dsv'
[13.563s] INFO:colcon.colcon_core.shell:Creating package script '/home/admon/Jetbot/install/Jetbot/share/Jetbot/package.sh'
[13.564s] INFO:colcon.colcon_core.shell:Creating package script '/home/admon/Jetbot/install/Jetbot/share/Jetbot/package.bash'
[13.584s] INFO:colcon.colcon_core.shell:Creating package script '/home/admon/Jetbot/install/Jetbot/share/Jetbot/package.zsh'
[13.611s] Level 1:colcon.colcon_core.environment:create_file_with_runtime_dependencies(/home/admon/Jetbot/install/Jetbot/share/colcon-core/packages/Jetbot)
[13.612s] DEBUG:colcon.colcon_parallel_executor.executor.parallel:closing loop
[13.613s] DEBUG:colcon.colcon_parallel_executor.executor.parallel:loop closed
[13.613s] DEBUG:colcon.colcon_parallel_executor.executor.parallel:run_until_complete finished with '0'
[13.614s] DEBUG:colcon.colcon_core.event_reactor:joining thread
[13.702s] INFO:colcon.colcon_core.plugin_system:Skipping extension 'colcon_notification.desktop_notification.terminal_notifier': Not used on non-Darwin systems
[13.702s] INFO:colcon.colcon_core.plugin_system:Skipping extension 'colcon_notification.desktop_notification.win32': Not used on non-Windows systems
[13.702s] INFO:colcon.colcon_notification.desktop_notification:Sending desktop notification using 'notify2'
[13.731s] DEBUG:colcon.colcon_core.event_reactor:joined thread
[13.734s] INFO:colcon.colcon_core.shell:Creating prefix script '/home/admon/Jetbot/install/local_setup.ps1'
[13.764s] INFO:colcon.colcon_core.shell:Creating prefix util module '/home/admon/Jetbot/install/_local_setup_util_ps1.py'
[13.776s] INFO:colcon.colcon_core.shell:Creating prefix chain script '/home/admon/Jetbot/install/setup.ps1'
[13.788s] INFO:colcon.colcon_core.shell:Creating prefix script '/home/admon/Jetbot/install/local_setup.sh'
[13.801s] INFO:colcon.colcon_core.shell:Creating prefix util module '/home/admon/Jetbot/install/_local_setup_util_sh.py'
[13.802s] INFO:colcon.colcon_core.shell:Creating prefix chain script '/home/admon/Jetbot/install/setup.sh'
[13.814s] INFO:colcon.colcon_core.shell:Creating prefix script '/home/admon/Jetbot/install/local_setup.bash'
[13.828s] INFO:colcon.colcon_core.shell:Creating prefix chain script '/home/admon/Jetbot/install/setup.bash'
[13.835s] INFO:colcon.colcon_core.shell:Creating prefix script '/home/admon/Jetbot/install/local_setup.zsh'
[13.887s] INFO:colcon.colcon_core.shell:Creating prefix chain script '/home/admon/Jetbot/install/setup.zsh'
