/home/admon/jetbot/install/jetbot/lib/python3.10/site-packages/jetbot/__init__.py
/home/admon/jetbot/install/jetbot/lib/python3.10/site-packages/jetbot/__pycache__/__init__.cpython-310.pyc
/home/admon/jetbot/install/jetbot/share/ament_index/resource_index/packages/jetbot
/home/admon/jetbot/install/jetbot/share/jetbot/package.xml
/home/admon/jetbot/install/jetbot/share/jetbot/urdf/jetbot.urdf
/home/admon/jetbot/install/jetbot/share/jetbot/launch/display.launch.py
/home/admon/jetbot/install/jetbot/share/jetbot/launch/gazebo.launch.py
/home/admon/jetbot/install/jetbot/share/jetbot/meshes/rueda_derecha_link.STL
/home/admon/jetbot/install/jetbot/share/jetbot/meshes/cabeza_link.STL
/home/admon/jetbot/install/jetbot/share/jetbot/meshes/subir_link.STL
/home/admon/jetbot/install/jetbot/share/jetbot/meshes/base_link.STL
/home/admon/jetbot/install/jetbot/share/jetbot/meshes/cuello_link.STL
/home/admon/jetbot/install/jetbot/share/jetbot/meshes/rueda_izquierda_link.STL
/home/admon/jetbot/install/jetbot/share/jetbot/meshes/camera_link.STL
/home/admon/jetbot/install/jetbot/lib/python3.10/site-packages/jetbot-0.0.0-py3.10.egg-info/SOURCES.txt
/home/admon/jetbot/install/jetbot/lib/python3.10/site-packages/jetbot-0.0.0-py3.10.egg-info/PKG-INFO
/home/admon/jetbot/install/jetbot/lib/python3.10/site-packages/jetbot-0.0.0-py3.10.egg-info/requires.txt
/home/admon/jetbot/install/jetbot/lib/python3.10/site-packages/jetbot-0.0.0-py3.10.egg-info/zip-safe
/home/admon/jetbot/install/jetbot/lib/python3.10/site-packages/jetbot-0.0.0-py3.10.egg-info/entry_points.txt
/home/admon/jetbot/install/jetbot/lib/python3.10/site-packages/jetbot-0.0.0-py3.10.egg-info/top_level.txt
/home/admon/jetbot/install/jetbot/lib/python3.10/site-packages/jetbot-0.0.0-py3.10.egg-info/dependency_links.txt
