[12.856s] DEBUG:colcon:Command line arguments: ['/usr/bin/colcon', 'build']
[12.856s] DEBUG:colcon:Parsed command line arguments: Namespace(log_base=None, log_level=None, verb_name='build', build_base='build', install_base='install', merge_install=False, symlink_install=False, test_result_base=None, continue_on_error=False, executor='parallel', parallel_workers=4, event_handlers=None, ignore_user_meta=False, metas=['./colcon.meta'], base_paths=['.'], packages_ignore=None, packages_ignore_regex=None, paths=None, packages_up_to=None, packages_up_to_regex=None, packages_above=None, packages_above_and_dependencies=None, packages_above_depth=None, packages_select_by_dep=None, packages_skip_by_dep=None, packages_skip_up_to=None, packages_select_build_failed=False, packages_skip_build_finished=False, packages_select_test_failures=False, packages_skip_test_passed=False, packages_select=None, packages_skip=None, packages_select_regex=None, packages_skip_regex=None, packages_start=None, packages_end=None, allow_overriding=[], cmake_args=None, cmake_target=None, cmake_target_skip_unavailable=False, cmake_clean_cache=False, cmake_clean_first=False, cmake_force_configure=False, ament_cmake_args=None, catkin_cmake_args=None, catkin_skip_building_tests=False, mixin_files=None, mixin=None, verb_parser=<colcon_mixin.mixin.mixin_argument.MixinArgumentDecorator object at 0x7f3e08ff39d0>, verb_extension=<colcon_core.verb.build.BuildVerb object at 0x7f3e097c0670>, main=<bound method BuildVerb.main of <colcon_core.verb.build.BuildVerb object at 0x7f3e097c0670>>, mixin_verb=('build',))
[13.368s] Level 1:colcon.colcon_core.package_discovery:discover_packages(colcon_meta) check parameters
[13.368s] Level 1:colcon.colcon_core.package_discovery:discover_packages(recursive) check parameters
[13.368s] Level 1:colcon.colcon_core.package_discovery:discover_packages(ignore) check parameters
[13.368s] Level 1:colcon.colcon_core.package_discovery:discover_packages(path) check parameters
[13.368s] Level 1:colcon.colcon_core.package_discovery:discover_packages(colcon_meta) discover
[13.368s] Level 1:colcon.colcon_core.package_discovery:discover_packages(recursive) discover
[13.368s] INFO:colcon.colcon_core.package_discovery:Crawling recursively for packages in '/home/admon/Jetbot'
[13.368s] Level 1:colcon.colcon_core.package_identification:_identify(.) by extensions ['ignore', 'ignore_ament_install']
[13.369s] Level 1:colcon.colcon_core.package_identification:_identify(.) by extension 'ignore'
[13.369s] Level 1:colcon.colcon_core.package_identification:_identify(.) by extension 'ignore_ament_install'
[13.369s] Level 1:colcon.colcon_core.package_identification:_identify(.) by extensions ['colcon_pkg']
[13.369s] Level 1:colcon.colcon_core.package_identification:_identify(.) by extension 'colcon_pkg'
[13.369s] Level 1:colcon.colcon_core.package_identification:_identify(.) by extensions ['colcon_meta']
[13.369s] Level 1:colcon.colcon_core.package_identification:_identify(.) by extension 'colcon_meta'
[13.369s] Level 1:colcon.colcon_core.package_identification:_identify(.) by extensions ['ros']
[13.369s] Level 1:colcon.colcon_core.package_identification:_identify(.) by extension 'ros'
[13.426s] Level 1:colcon.colcon_core.package_identification:_identify(.) by extensions ['cmake', 'python']
[13.426s] Level 1:colcon.colcon_core.package_identification:_identify(.) by extension 'cmake'
[13.426s] Level 1:colcon.colcon_core.package_identification:_identify(.) by extension 'python'
[13.426s] Level 1:colcon.colcon_core.package_identification:_identify(.) by extensions ['python_setup_py']
[13.426s] Level 1:colcon.colcon_core.package_identification:_identify(.) by extension 'python_setup_py'
[13.426s] Level 1:colcon.colcon_core.package_identification:_identify(build) by extensions ['ignore', 'ignore_ament_install']
[13.426s] Level 1:colcon.colcon_core.package_identification:_identify(build) by extension 'ignore'
[13.426s] Level 1:colcon.colcon_core.package_identification:_identify(build) ignored
[13.427s] Level 1:colcon.colcon_core.package_identification:_identify(install) by extensions ['ignore', 'ignore_ament_install']
[13.427s] Level 1:colcon.colcon_core.package_identification:_identify(install) by extension 'ignore'
[13.427s] Level 1:colcon.colcon_core.package_identification:_identify(install) ignored
[13.427s] Level 1:colcon.colcon_core.package_identification:_identify(log) by extensions ['ignore', 'ignore_ament_install']
[13.427s] Level 1:colcon.colcon_core.package_identification:_identify(log) by extension 'ignore'
[13.427s] Level 1:colcon.colcon_core.package_identification:_identify(log) ignored
[13.427s] Level 1:colcon.colcon_core.package_identification:_identify(src) by extensions ['ignore', 'ignore_ament_install']
[13.427s] Level 1:colcon.colcon_core.package_identification:_identify(src) by extension 'ignore'
[13.427s] Level 1:colcon.colcon_core.package_identification:_identify(src) by extension 'ignore_ament_install'
[13.427s] Level 1:colcon.colcon_core.package_identification:_identify(src) by extensions ['colcon_pkg']
[13.427s] Level 1:colcon.colcon_core.package_identification:_identify(src) by extension 'colcon_pkg'
[13.427s] Level 1:colcon.colcon_core.package_identification:_identify(src) by extensions ['colcon_meta']
[13.427s] Level 1:colcon.colcon_core.package_identification:_identify(src) by extension 'colcon_meta'
[13.428s] Level 1:colcon.colcon_core.package_identification:_identify(src) by extensions ['ros']
[13.428s] Level 1:colcon.colcon_core.package_identification:_identify(src) by extension 'ros'
[13.428s] Level 1:colcon.colcon_core.package_identification:_identify(src) by extensions ['cmake', 'python']
[13.428s] Level 1:colcon.colcon_core.package_identification:_identify(src) by extension 'cmake'
[13.428s] Level 1:colcon.colcon_core.package_identification:_identify(src) by extension 'python'
[13.428s] Level 1:colcon.colcon_core.package_identification:_identify(src) by extensions ['python_setup_py']
[13.428s] Level 1:colcon.colcon_core.package_identification:_identify(src) by extension 'python_setup_py'
[13.428s] Level 1:colcon.colcon_core.package_discovery:discover_packages(recursive) using defaults
[13.428s] Level 1:colcon.colcon_core.package_discovery:discover_packages(ignore) discover
[13.428s] Level 1:colcon.colcon_core.package_discovery:discover_packages(ignore) using defaults
[13.428s] Level 1:colcon.colcon_core.package_discovery:discover_packages(path) discover
[13.428s] Level 1:colcon.colcon_core.package_discovery:discover_packages(path) using defaults
[13.719s] Level 1:colcon.colcon_core.package_discovery:discover_packages(prefix_path) check parameters
[13.719s] Level 1:colcon.colcon_core.package_discovery:discover_packages(prefix_path) discover
[13.731s] DEBUG:colcon.colcon_installed_package_information.package_discovery:Found 418 installed packages in /opt/ros/humble
[13.734s] Level 1:colcon.colcon_core.package_discovery:discover_packages(prefix_path) using defaults
[13.861s] INFO:colcon.colcon_core.executor:Executing jobs using 'parallel' executor
[13.865s] DEBUG:colcon.colcon_parallel_executor.executor.parallel:run_until_complete
[13.865s] DEBUG:colcon.colcon_parallel_executor.executor.parallel:closing loop
[13.865s] DEBUG:colcon.colcon_parallel_executor.executor.parallel:loop closed
[13.865s] DEBUG:colcon.colcon_parallel_executor.executor.parallel:run_until_complete finished with '0'
[13.865s] DEBUG:colcon.colcon_core.event_reactor:joining thread
[13.947s] INFO:colcon.colcon_core.plugin_system:Skipping extension 'colcon_notification.desktop_notification.terminal_notifier': Not used on non-Darwin systems
[13.947s] INFO:colcon.colcon_core.plugin_system:Skipping extension 'colcon_notification.desktop_notification.win32': Not used on non-Windows systems
[13.947s] INFO:colcon.colcon_notification.desktop_notification:Sending desktop notification using 'notify2'
[13.983s] DEBUG:colcon.colcon_core.event_reactor:joined thread
[14.186s] INFO:colcon.colcon_core.plugin_system:Skipping extension 'colcon_core.shell.bat': Not used on non-Windows systems
[14.186s] INFO:colcon.colcon_core.shell:Creating prefix script '/home/admon/Jetbot/install/local_setup.ps1'
[14.196s] INFO:colcon.colcon_core.shell:Creating prefix util module '/home/admon/Jetbot/install/_local_setup_util_ps1.py'
[14.207s] INFO:colcon.colcon_core.shell:Creating prefix chain script '/home/admon/Jetbot/install/setup.ps1'
[14.209s] INFO:colcon.colcon_core.shell:Creating prefix script '/home/admon/Jetbot/install/local_setup.sh'
[14.211s] INFO:colcon.colcon_core.shell:Creating prefix util module '/home/admon/Jetbot/install/_local_setup_util_sh.py'
[14.211s] INFO:colcon.colcon_core.shell:Creating prefix chain script '/home/admon/Jetbot/install/setup.sh'
[14.213s] INFO:colcon.colcon_core.shell:Creating prefix script '/home/admon/Jetbot/install/local_setup.bash'
[14.226s] INFO:colcon.colcon_core.shell:Creating prefix chain script '/home/admon/Jetbot/install/setup.bash'
[14.228s] INFO:colcon.colcon_core.shell:Creating prefix script '/home/admon/Jetbot/install/local_setup.zsh'
[14.229s] INFO:colcon.colcon_core.shell:Creating prefix chain script '/home/admon/Jetbot/install/setup.zsh'
