running egg_info
creating ../../build/Jetbot/Jetbot.egg-info
writing ../../build/Jetbot/Jetbot.egg-info/PKG-INFO
writing dependency_links to ../../build/Jetbot/Jetbot.egg-info/dependency_links.txt
writing entry points to ../../build/Jetbot/Jetbot.egg-info/entry_points.txt
writing requirements to ../../build/Jetbot/Jetbot.egg-info/requires.txt
writing top-level names to ../../build/Jetbot/Jetbot.egg-info/top_level.txt
writing manifest file '../../build/Jetbot/Jetbot.egg-info/SOURCES.txt'
reading manifest file '../../build/Jetbot/Jetbot.egg-info/SOURCES.txt'
writing manifest file '../../build/Jetbot/Jetbot.egg-info/SOURCES.txt'
running build
running build_py
creating /home/admon/Jetbot/build/Jetbot/build
creating /home/admon/Jetbot/build/Jetbot/build/lib
creating /home/admon/Jetbot/build/Jetbot/build/lib/Jetbot
copying Jetbot/__init__.py -> /home/admon/Jetbot/build/Jetbot/build/lib/Jetbot
running install
/usr/lib/python3/dist-packages/setuptools/command/install.py:34: SetuptoolsDeprecationWarning: setup.py install is deprecated. Use build and pip and other standards-based tools.
  warnings.warn(
running install_lib
creating /home/admon/Jetbot/install/Jetbot/lib/python3.10/site-packages/Jetbot
copying /home/admon/Jetbot/build/Jetbot/build/lib/Jetbot/__init__.py -> /home/admon/Jetbot/install/Jetbot/lib/python3.10/site-packages/Jetbot
byte-compiling /home/admon/Jetbot/install/Jetbot/lib/python3.10/site-packages/Jetbot/__init__.py to __init__.cpython-310.pyc
running install_data
creating /home/admon/Jetbot/install/Jetbot/share/ament_index
creating /home/admon/Jetbot/install/Jetbot/share/ament_index/resource_index
creating /home/admon/Jetbot/install/Jetbot/share/ament_index/resource_index/packages
copying resource/Jetbot -> /home/admon/Jetbot/install/Jetbot/share/ament_index/resource_index/packages
copying package.xml -> /home/admon/Jetbot/install/Jetbot/share/Jetbot
creating /home/admon/Jetbot/install/Jetbot/share/Jetbot/urdf
copying urdf/Carro.urdf -> /home/admon/Jetbot/install/Jetbot/share/Jetbot/urdf
creating /home/admon/Jetbot/install/Jetbot/share/Jetbot/launch
copying launch/display.launch.py -> /home/admon/Jetbot/install/Jetbot/share/Jetbot/launch
creating /home/admon/Jetbot/install/Jetbot/share/Jetbot/meshes
copying meshes/Rueda_derecha_link.STL -> /home/admon/Jetbot/install/Jetbot/share/Jetbot/meshes
copying meshes/cabeza_link.STL -> /home/admon/Jetbot/install/Jetbot/share/Jetbot/meshes
copying meshes/base_link.STL -> /home/admon/Jetbot/install/Jetbot/share/Jetbot/meshes
copying meshes/cuello_link.STL -> /home/admon/Jetbot/install/Jetbot/share/Jetbot/meshes
copying meshes/Rueda_izquierda_link.STL -> /home/admon/Jetbot/install/Jetbot/share/Jetbot/meshes
running install_egg_info
Copying ../../build/Jetbot/Jetbot.egg-info to /home/admon/Jetbot/install/Jetbot/lib/python3.10/site-packages/Jetbot-0.0.0-py3.10.egg-info
running install_scripts
writing list of installed files to '/home/admon/Jetbot/build/Jetbot/install.log'
