running egg_info
writing ../../build/Jetbot/Jetbot.egg-info/PKG-INFO
writing dependency_links to ../../build/Jetbot/Jetbot.egg-info/dependency_links.txt
writing entry points to ../../build/Jetbot/Jetbot.egg-info/entry_points.txt
writing requirements to ../../build/Jetbot/Jetbot.egg-info/requires.txt
writing top-level names to ../../build/Jetbot/Jetbot.egg-info/top_level.txt
reading manifest file '../../build/Jetbot/Jetbot.egg-info/SOURCES.txt'
writing manifest file '../../build/Jetbot/Jetbot.egg-info/SOURCES.txt'
running build
running build_py
running install
/usr/lib/python3/dist-packages/setuptools/command/install.py:34: SetuptoolsDeprecationWarning: setup.py install is deprecated. Use build and pip and other standards-based tools.
  warnings.warn(
running install_lib
running install_data
copying urdf/Jetbot.urdf -> /home/admon/Jetbot/install/Jetbot/share/Jetbot/urdf
copying launch/display.launch.py -> /home/admon/Jetbot/install/Jetbot/share/Jetbot/launch
running install_egg_info
removing '/home/admon/Jetbot/install/Jetbot/lib/python3.10/site-packages/Jetbot-0.0.0-py3.10.egg-info' (and everything under it)
Copying ../../build/Jetbot/Jetbot.egg-info to /home/admon/Jetbot/install/Jetbot/lib/python3.10/site-packages/Jetbot-0.0.0-py3.10.egg-info
running install_scripts
writing list of installed files to '/home/admon/Jetbot/build/Jetbot/install.log'
