[1.626s] Invoking command in '/home/admon/Jetbot/src/Jetbot': PYTHONPATH=/home/admon/Jetbot/build/Jetbot/prefix_override:/home/admon/Jetbot/install/Jetbot/lib/python3.10/site-packages:${PYTHONPATH} /usr/bin/python3 setup.py egg_info --egg-base ../../build/Jetbot build --build-base /home/admon/Jetbot/build/Jetbot/build install --record /home/admon/Jetbot/build/Jetbot/install.log --single-version-externally-managed
[1.931s] running egg_info
[1.933s] writing ../../build/Jetbot/Jetbot.egg-info/PKG-INFO
[1.948s] writing dependency_links to ../../build/Jetbot/Jetbot.egg-info/dependency_links.txt
[1.949s] writing entry points to ../../build/Jetbot/Jetbot.egg-info/entry_points.txt
[1.949s] writing requirements to ../../build/Jetbot/Jetbot.egg-info/requires.txt
[1.949s] writing top-level names to ../../build/Jetbot/Jetbot.egg-info/top_level.txt
[1.951s] reading manifest file '../../build/Jetbot/Jetbot.egg-info/SOURCES.txt'
[1.965s] writing manifest file '../../build/Jetbot/Jetbot.egg-info/SOURCES.txt'
[1.965s] running build
[1.965s] running build_py
[1.966s] running install
[2.009s] /usr/lib/python3/dist-packages/setuptools/command/install.py:34: SetuptoolsDeprecationWarning: setup.py install is deprecated. Use build and pip and other standards-based tools.
[2.009s]   warnings.warn(
[2.010s] running install_lib
[2.012s] running install_data
[2.014s] copying urdf/Jetbot.urdf -> /home/admon/Jetbot/install/Jetbot/share/Jetbot/urdf
[2.014s] copying launch/display.launch.py -> /home/admon/Jetbot/install/Jetbot/share/Jetbot/launch
[2.015s] running install_egg_info
[2.017s] removing '/home/admon/Jetbot/install/Jetbot/lib/python3.10/site-packages/Jetbot-0.0.0-py3.10.egg-info' (and everything under it)
[2.017s] Copying ../../build/Jetbot/Jetbot.egg-info to /home/admon/Jetbot/install/Jetbot/lib/python3.10/site-packages/Jetbot-0.0.0-py3.10.egg-info
[2.018s] running install_scripts
[2.041s] writing list of installed files to '/home/admon/Jetbot/build/Jetbot/install.log'
[2.070s] Invoked command in '/home/admon/Jetbot/src/Jetbot' returned '0': PYTHONPATH=/home/admon/Jetbot/build/Jetbot/prefix_override:/home/admon/Jetbot/install/Jetbot/lib/python3.10/site-packages:${PYTHONPATH} /usr/bin/python3 setup.py egg_info --egg-base ../../build/Jetbot build --build-base /home/admon/Jetbot/build/Jetbot/build install --record /home/admon/Jetbot/build/Jetbot/install.log --single-version-externally-managed
